<?xml version="1.0" encoding="UTF-8"?>
<testsuite name="ch.fhnw.webf.flashcard.test.QuestionnaireRepositoryTest" tests="3" skipped="0" failures="0" errors="0" timestamp="2019-10-04T08:31:23" hostname="Dominics-PC" time="0.01">
  <properties/>
  <testcase name="testFindAll" classname="ch.fhnw.webf.flashcard.test.QuestionnaireRepositoryTest" time="0.002"/>
  <testcase name="testFindById" classname="ch.fhnw.webf.flashcard.test.QuestionnaireRepositoryTest" time="0.001"/>
  <testcase name="testCreate" classname="ch.fhnw.webf.flashcard.test.QuestionnaireRepositoryTest" time="0.002"/>
  <system-out><![CDATA[]]></system-out>
  <system-err><![CDATA[]]></system-err>
</testsuite>
